

================================================================
== Vivado HLS Report for 'Split'
================================================================
* Date:           Fri Jul 31 10:05:04 2020

* Version:        2018.3 (Build 2405991 on Thu Dec 06 23:56:15 MST 2018)
* Project:        gray_filter
* Solution:       solution1
* Product family: zynq
* Target device:  xc7z020clg400-2


================================================================
== Performance Estimates
================================================================
+ Timing (ns): 
    * Summary: 
    +--------+-------+----------+------------+
    |  Clock | Target| Estimated| Uncertainty|
    +--------+-------+----------+------------+
    |ap_clk  |  10.00|     6.802|        1.25|
    +--------+-------+----------+------------+

+ Latency (clock cycles): 
    * Summary: 
    +-----+--------+-----+--------+---------+
    |    Latency   |   Interval   | Pipeline|
    | min |   max  | min |   max  |   Type  |
    +-----+--------+-----+--------+---------+
    |    1|  385441|    1|  385441|   none  |
    +-----+--------+-----+--------+---------+

    + Detail: 
        * Instance: 
        N/A

        * Loop: 
        +---------------+-----+--------+----------+-----------+-----------+---------+----------+
        |               |    Latency   | Iteration|  Initiation Interval  |   Trip  |          |
        |   Loop Name   | min |   max  |  Latency |  achieved |   target  |  Count  | Pipelined|
        +---------------+-----+--------+----------+-----------+-----------+---------+----------+
        |- loop_height  |    0|  385440|  3 ~ 803 |          -|          -| 0 ~ 480 |    no    |
        | + loop_width  |    0|     800|         2|          1|          1| 0 ~ 800 |    yes   |
        +---------------+-----+--------+----------+-----------+-----------+---------+----------+

============================================================
+ Verbose Summary: Synthesis Manager
============================================================
InlineROM: 1
ExposeGlobal: 0
============================================================
+ Verbose Summary: CDFG Model
============================================================
IsTopModel: 0
ResetActiveHigh: 1
IsCombinational: 2
IsDatapathOnly: 0
HasWiredReturn: 1
HasMFsm: 0
HasVarLatency: 1
IsPipeline: 0
IsRtlPipelined: 0
IsInstanceOverlapped: 0
IsDontTouch: 0
HasImplIP: 0
IsGatedGlobalClock: 0

+ Individual pipeline summary: 
  * Pipeline-0: initiation interval (II) = 1, depth = 2


============================================================
+ Verbose Summary: Schedule
============================================================
* Number of FSM states : 5
* Pipeline : 1
  Pipeline-0 : II = 1, D = 2, States = { 3 4 }
* Dataflow Pipeline: 0

* FSM state transitions: 
1 --> 
	2  / true
2 --> 
	3  / (!exitcond4_i)
3 --> 
	5  / (exitcond_i)
	4  / (!exitcond_i)
4 --> 
	3  / true
5 --> 
	2  / true

* FSM state operations: 

State 1 <SV = 0> <Delay = 3.40>
ST_1 : Operation 6 [1/1] (0.00ns)   --->   "call void (...)* @_ssdm_op_SpecInterface(i8* %dst0_data_stream_V, [8 x i8]* @ap_fifo_str, i32 0, i32 0, [1 x i8]* @p_str228, i32 0, i32 0, [1 x i8]* @p_str229, [1 x i8]* @p_str230, [1 x i8]* @p_str231, i32 2, i32 2, i32 16, i32 16, [1 x i8]* @p_str232, [1 x i8]* @p_str233)"   --->   Operation 6 'specinterface' <Predicate = true> <Delay = 0.00>
ST_1 : Operation 7 [1/1] (0.00ns)   --->   "call void (...)* @_ssdm_op_SpecInterface(i8* %dst1_data_stream_V, [8 x i8]* @ap_fifo_str, i32 0, i32 0, [1 x i8]* @p_str221, i32 0, i32 0, [1 x i8]* @p_str222, [1 x i8]* @p_str223, [1 x i8]* @p_str224, i32 2, i32 2, i32 16, i32 16, [1 x i8]* @p_str225, [1 x i8]* @p_str226)"   --->   Operation 7 'specinterface' <Predicate = true> <Delay = 0.00>
ST_1 : Operation 8 [1/1] (0.00ns)   --->   "call void (...)* @_ssdm_op_SpecInterface(i8* %dst2_data_stream_V, [8 x i8]* @ap_fifo_str, i32 0, i32 0, [1 x i8]* @p_str214, i32 0, i32 0, [1 x i8]* @p_str215, [1 x i8]* @p_str216, [1 x i8]* @p_str217, i32 2, i32 2, i32 16, i32 16, [1 x i8]* @p_str218, [1 x i8]* @p_str219)"   --->   Operation 8 'specinterface' <Predicate = true> <Delay = 0.00>
ST_1 : Operation 9 [1/1] (0.00ns)   --->   "call void (...)* @_ssdm_op_SpecInterface(i8* %src_data_stream_2_V, [8 x i8]* @ap_fifo_str, i32 0, i32 0, [1 x i8]* @p_str207, i32 0, i32 0, [1 x i8]* @p_str208, [1 x i8]* @p_str209, [1 x i8]* @p_str210, i32 2, i32 2, i32 16, i32 16, [1 x i8]* @p_str211, [1 x i8]* @p_str212)"   --->   Operation 9 'specinterface' <Predicate = true> <Delay = 0.00>
ST_1 : Operation 10 [1/1] (0.00ns)   --->   "call void (...)* @_ssdm_op_SpecInterface(i8* %src_data_stream_1_V, [8 x i8]* @ap_fifo_str, i32 0, i32 0, [1 x i8]* @p_str200, i32 0, i32 0, [1 x i8]* @p_str201, [1 x i8]* @p_str202, [1 x i8]* @p_str203, i32 2, i32 2, i32 16, i32 16, [1 x i8]* @p_str204, [1 x i8]* @p_str205)"   --->   Operation 10 'specinterface' <Predicate = true> <Delay = 0.00>
ST_1 : Operation 11 [1/1] (0.00ns)   --->   "call void (...)* @_ssdm_op_SpecInterface(i8* %src_data_stream_0_V, [8 x i8]* @ap_fifo_str, i32 0, i32 0, [1 x i8]* @p_str193, i32 0, i32 0, [1 x i8]* @p_str194, [1 x i8]* @p_str195, [1 x i8]* @p_str196, i32 2, i32 2, i32 16, i32 16, [1 x i8]* @p_str197, [1 x i8]* @p_str198)"   --->   Operation 11 'specinterface' <Predicate = true> <Delay = 0.00>
ST_1 : Operation 12 [1/1] (0.00ns)   --->   "call void (...)* @_ssdm_op_SpecInterface(i10* %src_rows_V, [8 x i8]* @ap_fifo_str, i32 0, i32 0, [1 x i8]* @p_str365, i32 0, i32 0, [1 x i8]* @p_str366, [1 x i8]* @p_str367, [1 x i8]* @p_str368, i32 2, i32 2, i32 16, i32 16, [1 x i8]* @p_str369, [11 x i8]* @ScalarProp_str)"   --->   Operation 12 'specinterface' <Predicate = true> <Delay = 0.00>
ST_1 : Operation 13 [1/1] (0.00ns)   --->   "call void (...)* @_ssdm_op_SpecInterface(i11* %src_cols_V, [8 x i8]* @ap_fifo_str, i32 0, i32 0, [1 x i8]* @p_str370, i32 0, i32 0, [1 x i8]* @p_str371, [1 x i8]* @p_str372, [1 x i8]* @p_str373, i32 2, i32 2, i32 16, i32 16, [1 x i8]* @p_str374, [11 x i8]* @ScalarProp_str)"   --->   Operation 13 'specinterface' <Predicate = true> <Delay = 0.00>
ST_1 : Operation 14 [1/1] (3.40ns)   --->   "%src_rows_V_read = call i10 @_ssdm_op_Read.ap_fifo.i10P(i10* %src_rows_V)"   --->   Operation 14 'read' 'src_rows_V_read' <Predicate = true> <Delay = 3.40> <Core = "FIFO">   --->   Core 32 'FIFO' <Latency = 0> <II = 1> <Delay = 3.40> <Storage> <Opcode : 'read' 'write' 'nbread' 'nbwrite'> <Ports = 0> <Width = 11> <Depth = 2> <FIFO>
ST_1 : Operation 15 [1/1] (0.00ns)   --->   "%rows_V = sext i10 %src_rows_V_read to i32"   --->   Operation 15 'sext' 'rows_V' <Predicate = true> <Delay = 0.00>
ST_1 : Operation 16 [1/1] (3.40ns)   --->   "%src_cols_V_read = call i11 @_ssdm_op_Read.ap_fifo.i11P(i11* %src_cols_V)"   --->   Operation 16 'read' 'src_cols_V_read' <Predicate = true> <Delay = 3.40> <Core = "FIFO">   --->   Core 32 'FIFO' <Latency = 0> <II = 1> <Delay = 3.40> <Storage> <Opcode : 'read' 'write' 'nbread' 'nbwrite'> <Ports = 0> <Width = 11> <Depth = 2> <FIFO>
ST_1 : Operation 17 [1/1] (0.00ns)   --->   "%cols_V = sext i11 %src_cols_V_read to i32"   --->   Operation 17 'sext' 'cols_V' <Predicate = true> <Delay = 0.00>
ST_1 : Operation 18 [1/1] (0.46ns)   --->   "br label %0" [D:/zynq_zhengdian/Vivado/2018.3/common/technology/autopilot/hls/hls_video_arithm.h:1621]   --->   Operation 18 'br' <Predicate = true> <Delay = 0.46>

State 2 <SV = 1> <Delay = 2.76>
ST_2 : Operation 19 [1/1] (0.00ns)   --->   "%t_V = phi i32 [ 0, %entry ], [ %i_V, %3 ]"   --->   Operation 19 'phi' 't_V' <Predicate = true> <Delay = 0.00>
ST_2 : Operation 20 [1/1] (1.96ns)   --->   "%exitcond4_i = icmp eq i32 %t_V, %rows_V" [D:/zynq_zhengdian/Vivado/2018.3/common/technology/autopilot/hls/hls_video_arithm.h:1621]   --->   Operation 20 'icmp' 'exitcond4_i' <Predicate = true> <Delay = 1.96> <Core = "Cmp">   --->   Core 25 'Cmp' <Latency = 0> <II = 1> <Delay = 1.96> <FuncUnit> <Opcode : 'icmp'> <InPorts = 2> <OutPorts = 1>
ST_2 : Operation 21 [1/1] (0.00ns)   --->   "call void (...)* @_ssdm_op_SpecLoopTripCount(i64 0, i64 480, i64 0)"   --->   Operation 21 'speclooptripcount' <Predicate = true> <Delay = 0.00>
ST_2 : Operation 22 [1/1] (1.89ns)   --->   "%i_V = add i32 %t_V, 1" [D:/zynq_zhengdian/Vivado/2018.3/common/technology/autopilot/hls/hls_video_arithm.h:1621]   --->   Operation 22 'add' 'i_V' <Predicate = true> <Delay = 1.89> <Core = "AddSub">   --->   Core 14 'AddSub' <Latency = 0> <II = 1> <Delay = 1.89> <FuncUnit> <Opcode : 'add' 'sub'> <InPorts = 2> <OutPorts = 1>
ST_2 : Operation 23 [1/1] (0.00ns)   --->   "br i1 %exitcond4_i, label %.exit, label %1" [D:/zynq_zhengdian/Vivado/2018.3/common/technology/autopilot/hls/hls_video_arithm.h:1621]   --->   Operation 23 'br' <Predicate = true> <Delay = 0.00>
ST_2 : Operation 24 [1/1] (0.00ns)   --->   "call void (...)* @_ssdm_op_SpecLoopName([12 x i8]* @p_str8) nounwind" [D:/zynq_zhengdian/Vivado/2018.3/common/technology/autopilot/hls/hls_video_arithm.h:1621]   --->   Operation 24 'specloopname' <Predicate = (!exitcond4_i)> <Delay = 0.00>
ST_2 : Operation 25 [1/1] (0.00ns)   --->   "%tmp_i = call i32 (...)* @_ssdm_op_SpecRegionBegin([12 x i8]* @p_str8)" [D:/zynq_zhengdian/Vivado/2018.3/common/technology/autopilot/hls/hls_video_arithm.h:1621]   --->   Operation 25 'specregionbegin' 'tmp_i' <Predicate = (!exitcond4_i)> <Delay = 0.00>
ST_2 : Operation 26 [1/1] (0.46ns)   --->   "br label %2" [D:/zynq_zhengdian/Vivado/2018.3/common/technology/autopilot/hls/hls_video_arithm.h:1622]   --->   Operation 26 'br' <Predicate = (!exitcond4_i)> <Delay = 0.46>
ST_2 : Operation 27 [1/1] (0.00ns)   --->   "ret void"   --->   Operation 27 'ret' <Predicate = (exitcond4_i)> <Delay = 0.00>

State 3 <SV = 2> <Delay = 1.96>
ST_3 : Operation 28 [1/1] (0.00ns)   --->   "%t_V_1 = phi i32 [ 0, %1 ], [ %j_V, %"operator>>.exit.i" ]"   --->   Operation 28 'phi' 't_V_1' <Predicate = true> <Delay = 0.00>
ST_3 : Operation 29 [1/1] (1.96ns)   --->   "%exitcond_i = icmp eq i32 %t_V_1, %cols_V" [D:/zynq_zhengdian/Vivado/2018.3/common/technology/autopilot/hls/hls_video_arithm.h:1622]   --->   Operation 29 'icmp' 'exitcond_i' <Predicate = true> <Delay = 1.96> <Core = "Cmp">   --->   Core 25 'Cmp' <Latency = 0> <II = 1> <Delay = 1.96> <FuncUnit> <Opcode : 'icmp'> <InPorts = 2> <OutPorts = 1>
ST_3 : Operation 30 [1/1] (0.00ns)   --->   "call void (...)* @_ssdm_op_SpecLoopTripCount(i64 0, i64 800, i64 0)"   --->   Operation 30 'speclooptripcount' <Predicate = true> <Delay = 0.00>
ST_3 : Operation 31 [1/1] (1.89ns)   --->   "%j_V = add i32 %t_V_1, 1" [D:/zynq_zhengdian/Vivado/2018.3/common/technology/autopilot/hls/hls_video_arithm.h:1622]   --->   Operation 31 'add' 'j_V' <Predicate = true> <Delay = 1.89> <Core = "AddSub">   --->   Core 14 'AddSub' <Latency = 0> <II = 1> <Delay = 1.89> <FuncUnit> <Opcode : 'add' 'sub'> <InPorts = 2> <OutPorts = 1>
ST_3 : Operation 32 [1/1] (0.00ns)   --->   "br i1 %exitcond_i, label %3, label %"operator>>.exit.i"" [D:/zynq_zhengdian/Vivado/2018.3/common/technology/autopilot/hls/hls_video_arithm.h:1622]   --->   Operation 32 'br' <Predicate = true> <Delay = 0.00>

State 4 <SV = 3> <Delay = 6.80>
ST_4 : Operation 33 [1/1] (0.00ns)   --->   "call void (...)* @_ssdm_op_SpecLoopName([11 x i8]* @p_str9) nounwind" [D:/zynq_zhengdian/Vivado/2018.3/common/technology/autopilot/hls/hls_video_arithm.h:1622]   --->   Operation 33 'specloopname' <Predicate = (!exitcond_i)> <Delay = 0.00>
ST_4 : Operation 34 [1/1] (0.00ns)   --->   "%tmp_2_i = call i32 (...)* @_ssdm_op_SpecRegionBegin([11 x i8]* @p_str9)" [D:/zynq_zhengdian/Vivado/2018.3/common/technology/autopilot/hls/hls_video_arithm.h:1622]   --->   Operation 34 'specregionbegin' 'tmp_2_i' <Predicate = (!exitcond_i)> <Delay = 0.00>
ST_4 : Operation 35 [1/1] (0.00ns)   --->   "call void (...)* @_ssdm_op_SpecPipeline(i32 1, i32 1, i32 1, i32 0, [1 x i8]* @p_str2) nounwind" [D:/zynq_zhengdian/Vivado/2018.3/common/technology/autopilot/hls/hls_video_arithm.h:1624]   --->   Operation 35 'specpipeline' <Predicate = (!exitcond_i)> <Delay = 0.00>
ST_4 : Operation 36 [1/1] (0.00ns)   --->   "%tmp_4_i = call i32 (...)* @_ssdm_op_SpecRegionBegin([12 x i8]* @p_str13)" [D:/zynq_zhengdian/Vivado/2018.3/common/technology/autopilot/hls/hls_video_core.h:672->D:/zynq_zhengdian/Vivado/2018.3/common/technology/autopilot/hls/hls_video_core.h:711->D:/zynq_zhengdian/Vivado/2018.3/common/technology/autopilot/hls/hls_video_arithm.h:1625]   --->   Operation 36 'specregionbegin' 'tmp_4_i' <Predicate = (!exitcond_i)> <Delay = 0.00>
ST_4 : Operation 37 [1/1] (0.00ns)   --->   "call void (...)* @_ssdm_op_SpecProtocol(i32 0, [1 x i8]* @p_str2) nounwind" [D:/zynq_zhengdian/Vivado/2018.3/common/technology/autopilot/hls/hls_video_core.h:676->D:/zynq_zhengdian/Vivado/2018.3/common/technology/autopilot/hls/hls_video_core.h:711->D:/zynq_zhengdian/Vivado/2018.3/common/technology/autopilot/hls/hls_video_arithm.h:1625]   --->   Operation 37 'specprotocol' <Predicate = (!exitcond_i)> <Delay = 0.00>
ST_4 : Operation 38 [1/1] (3.40ns)   --->   "%tmp_1 = call i8 @_ssdm_op_Read.ap_fifo.volatile.i8P(i8* %src_data_stream_0_V)" [D:/zynq_zhengdian/Vivado/2018.3/common/technology/autopilot/hls/hls_video_core.h:679->D:/zynq_zhengdian/Vivado/2018.3/common/technology/autopilot/hls/hls_video_core.h:711->D:/zynq_zhengdian/Vivado/2018.3/common/technology/autopilot/hls/hls_video_arithm.h:1625]   --->   Operation 38 'read' 'tmp_1' <Predicate = (!exitcond_i)> <Delay = 3.40> <Core = "FIFO">   --->   Core 32 'FIFO' <Latency = 0> <II = 1> <Delay = 3.40> <Storage> <Opcode : 'read' 'write' 'nbread' 'nbwrite'> <Ports = 0> <Width = 11> <Depth = 2> <FIFO>
ST_4 : Operation 39 [1/1] (3.40ns)   --->   "%tmp_2 = call i8 @_ssdm_op_Read.ap_fifo.volatile.i8P(i8* %src_data_stream_1_V)" [D:/zynq_zhengdian/Vivado/2018.3/common/technology/autopilot/hls/hls_video_core.h:679->D:/zynq_zhengdian/Vivado/2018.3/common/technology/autopilot/hls/hls_video_core.h:711->D:/zynq_zhengdian/Vivado/2018.3/common/technology/autopilot/hls/hls_video_arithm.h:1625]   --->   Operation 39 'read' 'tmp_2' <Predicate = (!exitcond_i)> <Delay = 3.40> <Core = "FIFO">   --->   Core 32 'FIFO' <Latency = 0> <II = 1> <Delay = 3.40> <Storage> <Opcode : 'read' 'write' 'nbread' 'nbwrite'> <Ports = 0> <Width = 11> <Depth = 2> <FIFO>
ST_4 : Operation 40 [1/1] (3.40ns)   --->   "%tmp = call i8 @_ssdm_op_Read.ap_fifo.volatile.i8P(i8* %src_data_stream_2_V)" [D:/zynq_zhengdian/Vivado/2018.3/common/technology/autopilot/hls/hls_video_core.h:679->D:/zynq_zhengdian/Vivado/2018.3/common/technology/autopilot/hls/hls_video_core.h:711->D:/zynq_zhengdian/Vivado/2018.3/common/technology/autopilot/hls/hls_video_arithm.h:1625]   --->   Operation 40 'read' 'tmp' <Predicate = (!exitcond_i)> <Delay = 3.40> <Core = "FIFO">   --->   Core 32 'FIFO' <Latency = 0> <II = 1> <Delay = 3.40> <Storage> <Opcode : 'read' 'write' 'nbread' 'nbwrite'> <Ports = 0> <Width = 11> <Depth = 2> <FIFO>
ST_4 : Operation 41 [1/1] (0.00ns)   --->   "%empty = call i32 (...)* @_ssdm_op_SpecRegionEnd([12 x i8]* @p_str13, i32 %tmp_4_i)" [D:/zynq_zhengdian/Vivado/2018.3/common/technology/autopilot/hls/hls_video_core.h:681->D:/zynq_zhengdian/Vivado/2018.3/common/technology/autopilot/hls/hls_video_core.h:711->D:/zynq_zhengdian/Vivado/2018.3/common/technology/autopilot/hls/hls_video_arithm.h:1625]   --->   Operation 41 'specregionend' 'empty' <Predicate = (!exitcond_i)> <Delay = 0.00>
ST_4 : Operation 42 [1/1] (0.00ns)   --->   "%tmp_7_i = call i32 (...)* @_ssdm_op_SpecRegionBegin([12 x i8]* @p_str44)" [D:/zynq_zhengdian/Vivado/2018.3/common/technology/autopilot/hls/hls_video_core.h:696->D:/zynq_zhengdian/Vivado/2018.3/common/technology/autopilot/hls/hls_video_core.h:717->D:/zynq_zhengdian/Vivado/2018.3/common/technology/autopilot/hls/hls_video_arithm.h:1626]   --->   Operation 42 'specregionbegin' 'tmp_7_i' <Predicate = (!exitcond_i)> <Delay = 0.00>
ST_4 : Operation 43 [1/1] (0.00ns)   --->   "call void (...)* @_ssdm_op_SpecProtocol(i32 0, [1 x i8]* @p_str2) nounwind" [D:/zynq_zhengdian/Vivado/2018.3/common/technology/autopilot/hls/hls_video_core.h:700->D:/zynq_zhengdian/Vivado/2018.3/common/technology/autopilot/hls/hls_video_core.h:717->D:/zynq_zhengdian/Vivado/2018.3/common/technology/autopilot/hls/hls_video_arithm.h:1626]   --->   Operation 43 'specprotocol' <Predicate = (!exitcond_i)> <Delay = 0.00>
ST_4 : Operation 44 [1/1] (3.40ns)   --->   "call void @_ssdm_op_Write.ap_fifo.volatile.i8P(i8* %dst0_data_stream_V, i8 %tmp_1)" [D:/zynq_zhengdian/Vivado/2018.3/common/technology/autopilot/hls/hls_video_core.h:703->D:/zynq_zhengdian/Vivado/2018.3/common/technology/autopilot/hls/hls_video_core.h:717->D:/zynq_zhengdian/Vivado/2018.3/common/technology/autopilot/hls/hls_video_arithm.h:1626]   --->   Operation 44 'write' <Predicate = (!exitcond_i)> <Delay = 3.40> <Core = "FIFO">   --->   Core 32 'FIFO' <Latency = 0> <II = 1> <Delay = 3.40> <Storage> <Opcode : 'read' 'write' 'nbread' 'nbwrite'> <Ports = 0> <Width = 11> <Depth = 2> <FIFO>
ST_4 : Operation 45 [1/1] (0.00ns)   --->   "%empty_69 = call i32 (...)* @_ssdm_op_SpecRegionEnd([12 x i8]* @p_str44, i32 %tmp_7_i)" [D:/zynq_zhengdian/Vivado/2018.3/common/technology/autopilot/hls/hls_video_core.h:705->D:/zynq_zhengdian/Vivado/2018.3/common/technology/autopilot/hls/hls_video_core.h:717->D:/zynq_zhengdian/Vivado/2018.3/common/technology/autopilot/hls/hls_video_arithm.h:1626]   --->   Operation 45 'specregionend' 'empty_69' <Predicate = (!exitcond_i)> <Delay = 0.00>
ST_4 : Operation 46 [1/1] (0.00ns)   --->   "%tmp_9_i = call i32 (...)* @_ssdm_op_SpecRegionBegin([12 x i8]* @p_str44)" [D:/zynq_zhengdian/Vivado/2018.3/common/technology/autopilot/hls/hls_video_core.h:696->D:/zynq_zhengdian/Vivado/2018.3/common/technology/autopilot/hls/hls_video_core.h:717->D:/zynq_zhengdian/Vivado/2018.3/common/technology/autopilot/hls/hls_video_arithm.h:1627]   --->   Operation 46 'specregionbegin' 'tmp_9_i' <Predicate = (!exitcond_i)> <Delay = 0.00>
ST_4 : Operation 47 [1/1] (0.00ns)   --->   "call void (...)* @_ssdm_op_SpecProtocol(i32 0, [1 x i8]* @p_str2) nounwind" [D:/zynq_zhengdian/Vivado/2018.3/common/technology/autopilot/hls/hls_video_core.h:700->D:/zynq_zhengdian/Vivado/2018.3/common/technology/autopilot/hls/hls_video_core.h:717->D:/zynq_zhengdian/Vivado/2018.3/common/technology/autopilot/hls/hls_video_arithm.h:1627]   --->   Operation 47 'specprotocol' <Predicate = (!exitcond_i)> <Delay = 0.00>
ST_4 : Operation 48 [1/1] (3.40ns)   --->   "call void @_ssdm_op_Write.ap_fifo.volatile.i8P(i8* %dst1_data_stream_V, i8 %tmp_2)" [D:/zynq_zhengdian/Vivado/2018.3/common/technology/autopilot/hls/hls_video_core.h:703->D:/zynq_zhengdian/Vivado/2018.3/common/technology/autopilot/hls/hls_video_core.h:717->D:/zynq_zhengdian/Vivado/2018.3/common/technology/autopilot/hls/hls_video_arithm.h:1627]   --->   Operation 48 'write' <Predicate = (!exitcond_i)> <Delay = 3.40> <Core = "FIFO">   --->   Core 32 'FIFO' <Latency = 0> <II = 1> <Delay = 3.40> <Storage> <Opcode : 'read' 'write' 'nbread' 'nbwrite'> <Ports = 0> <Width = 11> <Depth = 2> <FIFO>
ST_4 : Operation 49 [1/1] (0.00ns)   --->   "%empty_70 = call i32 (...)* @_ssdm_op_SpecRegionEnd([12 x i8]* @p_str44, i32 %tmp_9_i)" [D:/zynq_zhengdian/Vivado/2018.3/common/technology/autopilot/hls/hls_video_core.h:705->D:/zynq_zhengdian/Vivado/2018.3/common/technology/autopilot/hls/hls_video_core.h:717->D:/zynq_zhengdian/Vivado/2018.3/common/technology/autopilot/hls/hls_video_arithm.h:1627]   --->   Operation 49 'specregionend' 'empty_70' <Predicate = (!exitcond_i)> <Delay = 0.00>
ST_4 : Operation 50 [1/1] (0.00ns)   --->   "%tmp_11_i = call i32 (...)* @_ssdm_op_SpecRegionBegin([12 x i8]* @p_str44)" [D:/zynq_zhengdian/Vivado/2018.3/common/technology/autopilot/hls/hls_video_core.h:696->D:/zynq_zhengdian/Vivado/2018.3/common/technology/autopilot/hls/hls_video_core.h:717->D:/zynq_zhengdian/Vivado/2018.3/common/technology/autopilot/hls/hls_video_arithm.h:1628]   --->   Operation 50 'specregionbegin' 'tmp_11_i' <Predicate = (!exitcond_i)> <Delay = 0.00>
ST_4 : Operation 51 [1/1] (0.00ns)   --->   "call void (...)* @_ssdm_op_SpecProtocol(i32 0, [1 x i8]* @p_str2) nounwind" [D:/zynq_zhengdian/Vivado/2018.3/common/technology/autopilot/hls/hls_video_core.h:700->D:/zynq_zhengdian/Vivado/2018.3/common/technology/autopilot/hls/hls_video_core.h:717->D:/zynq_zhengdian/Vivado/2018.3/common/technology/autopilot/hls/hls_video_arithm.h:1628]   --->   Operation 51 'specprotocol' <Predicate = (!exitcond_i)> <Delay = 0.00>
ST_4 : Operation 52 [1/1] (3.40ns)   --->   "call void @_ssdm_op_Write.ap_fifo.volatile.i8P(i8* %dst2_data_stream_V, i8 %tmp)" [D:/zynq_zhengdian/Vivado/2018.3/common/technology/autopilot/hls/hls_video_core.h:703->D:/zynq_zhengdian/Vivado/2018.3/common/technology/autopilot/hls/hls_video_core.h:717->D:/zynq_zhengdian/Vivado/2018.3/common/technology/autopilot/hls/hls_video_arithm.h:1628]   --->   Operation 52 'write' <Predicate = (!exitcond_i)> <Delay = 3.40> <Core = "FIFO">   --->   Core 32 'FIFO' <Latency = 0> <II = 1> <Delay = 3.40> <Storage> <Opcode : 'read' 'write' 'nbread' 'nbwrite'> <Ports = 0> <Width = 11> <Depth = 2> <FIFO>
ST_4 : Operation 53 [1/1] (0.00ns)   --->   "%empty_71 = call i32 (...)* @_ssdm_op_SpecRegionEnd([12 x i8]* @p_str44, i32 %tmp_11_i)" [D:/zynq_zhengdian/Vivado/2018.3/common/technology/autopilot/hls/hls_video_core.h:705->D:/zynq_zhengdian/Vivado/2018.3/common/technology/autopilot/hls/hls_video_core.h:717->D:/zynq_zhengdian/Vivado/2018.3/common/technology/autopilot/hls/hls_video_arithm.h:1628]   --->   Operation 53 'specregionend' 'empty_71' <Predicate = (!exitcond_i)> <Delay = 0.00>
ST_4 : Operation 54 [1/1] (0.00ns)   --->   "%empty_72 = call i32 (...)* @_ssdm_op_SpecRegionEnd([11 x i8]* @p_str9, i32 %tmp_2_i)" [D:/zynq_zhengdian/Vivado/2018.3/common/technology/autopilot/hls/hls_video_arithm.h:1629]   --->   Operation 54 'specregionend' 'empty_72' <Predicate = (!exitcond_i)> <Delay = 0.00>
ST_4 : Operation 55 [1/1] (0.00ns)   --->   "br label %2" [D:/zynq_zhengdian/Vivado/2018.3/common/technology/autopilot/hls/hls_video_arithm.h:1622]   --->   Operation 55 'br' <Predicate = (!exitcond_i)> <Delay = 0.00>

State 5 <SV = 3> <Delay = 0.00>
ST_5 : Operation 56 [1/1] (0.00ns)   --->   "%empty_73 = call i32 (...)* @_ssdm_op_SpecRegionEnd([12 x i8]* @p_str8, i32 %tmp_i)" [D:/zynq_zhengdian/Vivado/2018.3/common/technology/autopilot/hls/hls_video_arithm.h:1630]   --->   Operation 56 'specregionend' 'empty_73' <Predicate = true> <Delay = 0.00>
ST_5 : Operation 57 [1/1] (0.00ns)   --->   "br label %0" [D:/zynq_zhengdian/Vivado/2018.3/common/technology/autopilot/hls/hls_video_arithm.h:1621]   --->   Operation 57 'br' <Predicate = true> <Delay = 0.00>


============================================================
+ Verbose Summary: Timing violations
============================================================
Target clock period: 10ns, clock uncertainty: 1.25ns.

 <State 1>: 3.4ns
The critical path consists of the following:
	fifo read on port 'src_rows_V' [17]  (3.4 ns)

 <State 2>: 2.77ns
The critical path consists of the following:
	'icmp' operation ('exitcond4_i', D:/zynq_zhengdian/Vivado/2018.3/common/technology/autopilot/hls/hls_video_arithm.h:1621) [24]  (1.97 ns)
	blocking operation 0.8 ns on control path)

 <State 3>: 1.97ns
The critical path consists of the following:
	'phi' operation ('j.V') with incoming values : ('j.V', D:/zynq_zhengdian/Vivado/2018.3/common/technology/autopilot/hls/hls_video_arithm.h:1622) [33]  (0 ns)
	'icmp' operation ('exitcond_i', D:/zynq_zhengdian/Vivado/2018.3/common/technology/autopilot/hls/hls_video_arithm.h:1622) [34]  (1.97 ns)

 <State 4>: 6.8ns
The critical path consists of the following:
	fifo read on port 'src_data_stream_0_V' (D:/zynq_zhengdian/Vivado/2018.3/common/technology/autopilot/hls/hls_video_core.h:679->D:/zynq_zhengdian/Vivado/2018.3/common/technology/autopilot/hls/hls_video_core.h:711->D:/zynq_zhengdian/Vivado/2018.3/common/technology/autopilot/hls/hls_video_arithm.h:1625) [44]  (3.4 ns)
	fifo write on port 'dst0_data_stream_V' (D:/zynq_zhengdian/Vivado/2018.3/common/technology/autopilot/hls/hls_video_core.h:703->D:/zynq_zhengdian/Vivado/2018.3/common/technology/autopilot/hls/hls_video_core.h:717->D:/zynq_zhengdian/Vivado/2018.3/common/technology/autopilot/hls/hls_video_arithm.h:1626) [50]  (3.4 ns)

 <State 5>: 0ns
The critical path consists of the following:


============================================================
+ Verbose Summary: Binding
============================================================
N/A
* FSMD analyzer results:
  - Output states:
 - Input state : 
  - Chain level:
	State 1
	State 2
	State 3
	State 4
	State 5


============================================================
+ Verbose Summary: Datapath Resource usage 
============================================================
N/A
