

================================================================
== Vivado HLS Report for 'ov5640_GaussianBlur'
================================================================
* Date:           Fri Jul 31 10:05:16 2020

* Version:        2018.3 (Build 2405991 on Thu Dec 06 23:56:15 MST 2018)
* Project:        gray_filter
* Solution:       solution1
* Product family: zynq
* Target device:  xc7z020clg400-2


================================================================
== Performance Estimates
================================================================
+ Timing (ns): 
    * Summary: 
    +--------+-------+----------+------------+
    |  Clock | Target| Estimated| Uncertainty|
    +--------+-------+----------+------------+
    |ap_clk  |  10.00|    10.674|        1.25|
    +--------+-------+----------+------------+

+ Latency (clock cycles): 
    * Summary: 
    +--------+--------+--------+--------+----------+
    |     Latency     |     Interval    | Pipeline |
    |   min  |   max  |   min  |   max  |   Type   |
    +--------+--------+--------+--------+----------+
    |  388981|  388981|  388977|  388977| dataflow |
    +--------+--------+--------+--------+----------+

    + Detail: 
        * Instance: 
        +--------------------+-----------------+--------+--------+--------+--------+---------+
        |                    |                 |     Latency     |     Interval    | Pipeline|
        |      Instance      |      Module     |   min  |   max  |   min  |   max  |   Type  |
        +--------------------+-----------------+--------+--------+--------+--------+---------+
        |GaussianBlur162_U0  |GaussianBlur162  |  388976|  388976|  388976|  388976|   none  |
        |GaussianBlur163_U0  |GaussianBlur163  |  388976|  388976|  388976|  388976|   none  |
        |GaussianBlur_U0     |GaussianBlur     |  388976|  388976|  388976|  388976|   none  |
        |AXIvideo2Mat_U0     |AXIvideo2Mat     |       3|  386403|       3|  386403|   none  |
        |Mat2AXIvideo_U0     |Mat2AXIvideo     |       1|  385921|       1|  385921|   none  |
        |Merge_U0            |Merge            |       1|  385441|       1|  385441|   none  |
        |Split_U0            |Split            |       1|  385441|       1|  385441|   none  |
        |Block_proc_U0       |Block_proc       |       0|       0|       0|       0|   none  |
        +--------------------+-----------------+--------+--------+--------+--------+---------+

        * Loop: 
        N/A



================================================================
== Utilization Estimates
================================================================
* Summary: 
+-----------------+---------+-------+--------+-------+
|       Name      | BRAM_18K| DSP48E|   FF   |  LUT  |
+-----------------+---------+-------+--------+-------+
|DSP              |        -|      -|       -|      -|
|Expression       |        -|      -|       0|      1|
|FIFO             |        0|      -|     100|    420|
|Instance         |        9|     12|    2261|   2844|
|Memory           |        -|      -|       -|      -|
|Multiplexer      |        -|      -|       -|      -|
|Register         |        -|      -|       -|      -|
+-----------------+---------+-------+--------+-------+
|Total            |        9|     12|    2361|   3265|
+-----------------+---------+-------+--------+-------+
|Available        |      280|    220|  106400|  53200|
+-----------------+---------+-------+--------+-------+
|Utilization (%)  |        3|      5|       2|      6|
+-----------------+---------+-------+--------+-------+

+ Detail: 
    * Instance: 
    +--------------------+-----------------+---------+-------+-----+-----+
    |      Instance      |      Module     | BRAM_18K| DSP48E|  FF | LUT |
    +--------------------+-----------------+---------+-------+-----+-----+
    |AXIvideo2Mat_U0     |AXIvideo2Mat     |        0|      0|  391|  217|
    |Block_proc_U0       |Block_proc       |        0|      0|    3|   19|
    |GaussianBlur_U0     |GaussianBlur     |        3|      4|  416|  701|
    |GaussianBlur162_U0  |GaussianBlur162  |        3|      4|  416|  701|
    |GaussianBlur163_U0  |GaussianBlur163  |        3|      4|  416|  701|
    |Mat2AXIvideo_U0     |Mat2AXIvideo     |        0|      0|  281|  223|
    |Merge_U0            |Merge            |        0|      0|  169|  144|
    |Split_U0            |Split            |        0|      0|  169|  138|
    +--------------------+-----------------+---------+-------+-----+-----+
    |Total               |                 |        9|     12| 2261| 2844|
    +--------------------+-----------------+---------+-------+-----+-----+

    * DSP48: 
    N/A

    * Memory: 
    N/A

    * FIFO: 
    +-------------------------+---------+---+----+------+-----+---------+
    |           Name          | BRAM_18K| FF| LUT| Depth| Bits| Size:D*B|
    +-------------------------+---------+---+----+------+-----+---------+
    |img_0_cols_V_c21_U       |        0|  5|  23|     2|   11|       22|
    |img_0_cols_V_c_U         |        0|  5|  23|     2|   11|       22|
    |img_0_data_stream_0_U    |        0|  5|  20|     2|    8|       16|
    |img_0_data_stream_1_U    |        0|  5|  20|     2|    8|       16|
    |img_0_data_stream_2_U    |        0|  5|  20|     2|    8|       16|
    |img_0_rows_V_c20_U       |        0|  5|  22|     2|   10|       20|
    |img_0_rows_V_c_U         |        0|  5|  22|     2|   10|       20|
    |img_1_cols_V_c23_U       |        0|  5|  23|     2|   11|       22|
    |img_1_cols_V_c_U         |        0|  5|  23|     5|   11|       55|
    |img_1_data_stream_0_U    |        0|  5|  20|     2|    8|       16|
    |img_1_data_stream_1_U    |        0|  5|  20|     2|    8|       16|
    |img_1_data_stream_2_U    |        0|  5|  20|     2|    8|       16|
    |img_1_rows_V_c22_U       |        0|  5|  22|     2|   10|       20|
    |img_1_rows_V_c_U         |        0|  5|  22|     5|   10|       50|
    |img_B_data_stream_0_U    |        0|  5|  20|     2|    8|       16|
    |img_B_f_data_stream_s_U  |        0|  5|  20|     2|    8|       16|
    |img_G_data_stream_0_U    |        0|  5|  20|     2|    8|       16|
    |img_G_f_data_stream_s_U  |        0|  5|  20|     2|    8|       16|
    |img_R_data_stream_0_U    |        0|  5|  20|     2|    8|       16|
    |img_R_f_data_stream_s_U  |        0|  5|  20|     2|    8|       16|
    +-------------------------+---------+---+----+------+-----+---------+
    |Total                    |        0|100| 420|    46|  180|      423|
    +-------------------------+---------+---+----+------+-----+---------+

    * Expression: 
    +-----------------------+----------+-------+---+----+------------+------------+
    |     Variable Name     | Operation| DSP48E| FF| LUT| Bitwidth P0| Bitwidth P1|
    +-----------------------+----------+-------+---+----+------------+------------+
    |Split_U0_start_full_n  |    and   |      0|  0|   1|           1|           1|
    +-----------------------+----------+-------+---+----+------------+------------+
    |Total                  |          |      0|  0|   1|           1|           1|
    +-----------------------+----------+-------+---+----+------------+------------+

    * Multiplexer: 
    N/A

    * Register: 
    N/A



================================================================
== Interface
================================================================
* Summary: 
+----------------------+-----+-----+--------------+------------------------+--------------+
|       RTL Ports      | Dir | Bits|   Protocol   |      Source Object     |    C Type    |
+----------------------+-----+-----+--------------+------------------------+--------------+
|INPUT_STREAM_TDATA    |  in |   24|     axis     |  INPUT_STREAM_V_data_V |    pointer   |
|INPUT_STREAM_TKEEP    |  in |    3|     axis     |  INPUT_STREAM_V_keep_V |    pointer   |
|INPUT_STREAM_TSTRB    |  in |    3|     axis     |  INPUT_STREAM_V_strb_V |    pointer   |
|INPUT_STREAM_TUSER    |  in |    1|     axis     |  INPUT_STREAM_V_user_V |    pointer   |
|INPUT_STREAM_TLAST    |  in |    1|     axis     |  INPUT_STREAM_V_last_V |    pointer   |
|INPUT_STREAM_TID      |  in |    1|     axis     |   INPUT_STREAM_V_id_V  |    pointer   |
|INPUT_STREAM_TDEST    |  in |    1|     axis     |  INPUT_STREAM_V_dest_V |    pointer   |
|INPUT_STREAM_TVALID   |  in |    1|     axis     |  INPUT_STREAM_V_dest_V |    pointer   |
|INPUT_STREAM_TREADY   | out |    1|     axis     |  INPUT_STREAM_V_dest_V |    pointer   |
|OUTPUT_STREAM_TDATA   | out |   24|     axis     | OUTPUT_STREAM_V_data_V |    pointer   |
|OUTPUT_STREAM_TKEEP   | out |    3|     axis     | OUTPUT_STREAM_V_keep_V |    pointer   |
|OUTPUT_STREAM_TSTRB   | out |    3|     axis     | OUTPUT_STREAM_V_strb_V |    pointer   |
|OUTPUT_STREAM_TUSER   | out |    1|     axis     | OUTPUT_STREAM_V_user_V |    pointer   |
|OUTPUT_STREAM_TLAST   | out |    1|     axis     | OUTPUT_STREAM_V_last_V |    pointer   |
|OUTPUT_STREAM_TID     | out |    1|     axis     |  OUTPUT_STREAM_V_id_V  |    pointer   |
|OUTPUT_STREAM_TDEST   | out |    1|     axis     | OUTPUT_STREAM_V_dest_V |    pointer   |
|OUTPUT_STREAM_TVALID  | out |    1|     axis     | OUTPUT_STREAM_V_dest_V |    pointer   |
|OUTPUT_STREAM_TREADY  |  in |    1|     axis     | OUTPUT_STREAM_V_dest_V |    pointer   |
|ap_clk                |  in |    1| ap_ctrl_none |   ov5640_GaussianBlur  | return value |
|ap_rst_n              |  in |    1| ap_ctrl_none |   ov5640_GaussianBlur  | return value |
+----------------------+-----+-----+--------------+------------------------+--------------+

